INFO  2026-02-18 10:59:39,105 serena.cli:health_check:765 - Starting health check for project: /Users/xavier/Projects/AOF
INFO  2026-02-18 10:59:39,105 serena.cli:health_check:769 - Creating SerenaAgent with disabled dashboard...
INFO  2026-02-18 10:59:39,105 serena.config.serena_config:from_config_file:601 - Loading Serena configuration from /Users/xavier/.serena/serena_config.yml
INFO  2026-02-18 10:59:39,106 serena.util.file_system:_load_gitignore_files:152 - Processing .gitignore file: /Users/xavier/Projects/AOF/.serena/.gitignore
INFO  2026-02-18 10:59:39,118 serena.agent:__init__:289 - Will record tool usage statistics with token count estimator: CHAR_COUNT.
INFO  2026-02-18 10:59:39,126 serena.util.file_system:stop:367 - Loading of .gitignore files completed in 0.022 seconds
INFO  2026-02-18 10:59:39,126 serena.project:stop:367 - Gathering ignore spec for project aof completed in 0.023 seconds
INFO  2026-02-18 10:59:39,189 serena.agent:__init__:293 - Starting Serena server (version=0.1.4-9659499c-dirty, process id=20995, parent process id=20994; language backend=LSP)
INFO  2026-02-18 10:59:39,189 serena.agent:__init__:297 - Configuration file: /Users/xavier/.serena/serena_config.yml
INFO  2026-02-18 10:59:39,189 serena.agent:__init__:298 - Available projects: aof
INFO  2026-02-18 10:59:39,189 serena.agent:__init__:299 - Loaded tools (40): read_file, create_text_file, list_dir, find_file, replace_content, delete_lines, replace_lines, insert_at_line, search_for_pattern, restart_language_server, get_symbols_overview, find_symbol, find_referencing_symbols, replace_symbol_body, insert_after_symbol, insert_before_symbol, rename_symbol, write_memory, read_memory, list_memories, delete_memory, edit_memory, execute_shell_command, open_dashboard, activate_project, remove_project, switch_modes, get_current_config, check_onboarding_performed, onboarding, think_about_collected_information, think_about_task_adherence, think_about_whether_you_are_done, summarize_changes, prepare_for_new_conversation, initial_instructions, jet_brains_find_symbol, jet_brains_find_referencing_symbols, jet_brains_get_symbols_overview, jet_brains_type_hierarchy
INFO  2026-02-18 10:59:39,189 serena.agent:apply:142 - SerenaAgentContext[name='desktop-app'] included 1 tools: switch_modes
INFO  2026-02-18 10:59:39,190 serena.agent:__init__:325 - Number of exposed tools: 26
INFO  2026-02-18 10:59:39,204 serena.config.serena_config:start:360 - Loading project instance for RegisteredProject[project_root=/Users/xavier/Projects/AOF, project_config=ProjectConfig[project_name=aof]] starting ...
INFO  2026-02-18 10:59:39,204 serena.project:start:360 - Gathering ignore spec for project aof starting ...
INFO  2026-02-18 10:59:39,205 serena.util.file_system:start:360 - Loading of .gitignore files starting ...
INFO  2026-02-18 10:59:39,205 serena.config.serena_config:stop:367 - Loading project instance for RegisteredProject[project_root=/Users/xavier/Projects/AOF, project_config=ProjectConfig[project_name=aof]] completed in 0.000 seconds
INFO  2026-02-18 10:59:39,205 serena.agent:load_project_from_path_or_name:650 - Found registered project 'aof' at path /Users/xavier/Projects/AOF
INFO  2026-02-18 10:59:39,205 serena.agent:_activate_project:621 - Activating aof at /Users/xavier/Projects/AOF
INFO  2026-02-18 10:59:39,205 serena.task_executor:issue_task:192 - Scheduling Task-1:init_language_server_manager
INFO  2026-02-18 10:59:39,205 serena.agent:get_mode_names:199 - Active modes: ['editing', 'interactive']
INFO  2026-02-18 10:59:39,205 serena.util.file_system:_load_gitignore_files:152 - Processing .gitignore file: /Users/xavier/Projects/AOF/.gitignore
INFO  2026-02-18 10:59:39,207 serena.util.file_system:_load_gitignore_files:152 - Processing .gitignore file: /Users/xavier/Projects/AOF/.serena/.gitignore
INFO  2026-02-18 10:59:39,208 serena.agent:_update_active_modes_and_tools:584 - Active tools (26): activate_project, check_onboarding_performed, create_text_file, delete_memory, edit_memory, execute_shell_command, find_file, find_referencing_symbols, find_symbol, get_current_config, get_symbols_overview, initial_instructions, insert_after_symbol, insert_before_symbol, list_dir, list_memories, onboarding, prepare_for_new_conversation, read_file, read_memory, rename_symbol, replace_content, replace_symbol_body, search_for_pattern, switch_modes, write_memory
INFO  2026-02-18 10:59:39,208 serena.cli:health_check:774 - SerenaAgent created successfully
INFO  2026-02-18 10:59:39,208 serena.cli:health_check:777 - Searching for analyzable files...
INFO  2026-02-18 10:59:39,251 serena.util.file_system:stop:367 - Loading of .gitignore files completed in 0.047 seconds
INFO  2026-02-18 10:59:39,252 serena.project:stop:367 - Gathering ignore spec for project aof completed in 0.047 seconds
INFO  2026-02-18 10:59:39,254 serena.cli:health_check:786 - Found analyzable file: index.ts
INFO  2026-02-18 10:59:39,254 serena.cli:health_check:804 - Testing GetSymbolsOverviewTool on file: index.ts
INFO  2026-02-18 10:59:39,254 serena.task_executor:issue_task:192 - Scheduling Task-2:<lambda>
INFO  2026-02-18 10:59:39,368 serena.task_executor:_process_task_queue:123 - Starting execution of Task-1:init_language_server_manager
INFO  2026-02-18 10:59:39,368 serena.task_executor:start:360 - Task-1:init_language_server_manager starting ...
INFO  2026-02-18 10:59:39,369 serena.agent:start:360 - Language server initialization starting ...
INFO  2026-02-18 10:59:39,369 serena.project:create_language_server_manager:434 - Creating language server manager for /Users/xavier/Projects/AOF
INFO  2026-02-18 10:59:39,369 sensai.util.logging:start:360 - Language server startup (language=typescript) starting ...
INFO  2026-02-18 10:59:39,369 serena.ls_manager:create_language_server:41 - Creating language server instance for /Users/xavier/Projects/AOF, language=typescript.
INFO  2026-02-18 10:59:39,395 solidlsp.ls:_load_raw_document_symbols_cache:2035 - Loading document symbols cache from /Users/xavier/Projects/AOF/.serena/cache/typescript/raw_document_symbols.pkl
INFO  2026-02-18 10:59:39,396 solidlsp.ls:_load_raw_document_symbols_cache:2040 - Loaded 2 entries from raw document symbols cache.
INFO  2026-02-18 10:59:39,397 solidlsp.ls:_load_document_symbols_cache:2070 - Loading document symbols cache from /Users/xavier/Projects/AOF/.serena/cache/typescript/document_symbols.pkl
INFO  2026-02-18 10:59:39,702 solidlsp.ls:_load_document_symbols_cache:2075 - Loaded 472 entries from document symbols cache.
INFO  2026-02-18 10:59:39,709 solidlsp.ls:start:2168 - Starting language server with language typescript for /Users/xavier/Projects/AOF
INFO  2026-02-18 10:59:39,709 solidlsp.language_servers.typescript_language_server:_start_server:280 - Starting TypeScript server process
INFO  2026-02-18 10:59:39,709 solidlsp.ls_process:start:192 - Starting language server process via command: ['/Users/xavier/.serena/language_servers/static/TypeScriptLanguageServer/ts-lsp/node_modules/.bin/typescript-language-server', '--stdio']
INFO  2026-02-18 10:59:39,712 solidlsp.language_servers.typescript_language_server:_start_server:284 - Sending initialize request from LSP client to LSP server and awaiting response
INFO  2026-02-18 10:59:39,824 solidlsp.language_servers.typescript_language_server:window_log_message:264 - LSP: window/logMessage: {'type': 3, 'message': 'Using Typescript version (workspace) 5.9.3 from path "/Users/xavier/Projects/AOF/node_modules/typescript/lib/tsserver.js"'}
WARNING 2026-02-18 10:59:39,825 solidlsp.ls_process:_notification_handler:566 - Unhandled method '$/typescriptVersion'
INFO  2026-02-18 10:59:40,909 solidlsp.language_servers.typescript_language_server:_start_server:301 - Timeout waiting for TypeScript server to become ready, proceeding anyway
INFO  2026-02-18 10:59:40,910 sensai.util.logging:stop:367 - Language server startup (language=typescript) completed in 1.541 seconds
INFO  2026-02-18 10:59:40,910 serena.agent:stop:367 - Language server initialization completed in 1.541 seconds
INFO  2026-02-18 10:59:40,910 serena.task_executor:stop:367 - Task-1:init_language_server_manager completed in 1.542 seconds
INFO  2026-02-18 10:59:40,910 serena.task_executor:_process_task_queue:123 - Starting execution of Task-2:<lambda>
INFO  2026-02-18 10:59:40,911 serena.task_executor:start:360 - Task-2:<lambda> starting ...
INFO  2026-02-18 10:59:40,912 serena.task_executor:stop:367 - Task-2:<lambda> completed in 0.001 seconds
INFO  2026-02-18 10:59:40,912 serena.cli:health_check:806 - GetSymbolsOverviewTool returned 0 symbols
ERROR 2026-02-18 10:59:40,912 serena.cli:health_check:809 - No symbols found in file index.ts
